Arguments: 
  /usr/local/bin/node /usr/local/bin/yarn

PATH: 
  /usr/local/opt/openssl@3/bin:/Users/hailiting/go/bin:/Users/hailiting/.go/bin:/usr/local/opt/openssl@3/bin:/Users/hailiting/go/bin:/Users/hailiting/.go/bin:/usr/local/bin:/usr/bin:/bin:/usr/sbin:/sbin:/usr/local/go/bin:/Library/Apple/usr/bin:/Users/hailiting/.cargo/bin:/usr/local/mongodb/bin#:/usr/local/mongodb/bin#

Yarn version: 
  1.22.17

Node version: 
  16.7.0

Platform: 
  darwin x64

Trace: 
  Error: https://registry.yarnpkg.com/@types%2fnode-fetch: tunneling socket could not be established, cause=connect ECONNREFUSED 127.0.0.1:10887
      at ClientRequest.onError (/usr/local/lib/node_modules/yarn/lib/cli.js:152369:17)
      at Object.onceWrapper (node:events:514:26)
      at ClientRequest.emit (node:events:394:28)
      at Socket.socketErrorListener (node:_http_client:447:9)
      at Socket.emit (node:events:394:28)
      at emitErrorNT (node:internal/streams/destroy:157:8)
      at emitErrorCloseNT (node:internal/streams/destroy:122:3)
      at processTicksAndRejections (node:internal/process/task_queues:83:21)

npm manifest: 
  {
    "name": "shell",
    "version": "1.0.0",
    "description": "",
    "main": "index.js",
    "scripts": {
      "csvToJson": "ts-node  --compiler-options '{\"module\":\"commonjs\"}' ./scripts/merkle/csvToJson.ts",
      "astrToken": "ts-node  --compiler-options '{\"module\":\"commonjs\"}'  ./scripts/astr_token/index.ts"
    },
    "repository": {
      "type": "git",
      "url": "git+https://github.com/Coinversation/shell.git"
    },
    "keywords": [],
    "author": "",
    "license": "ISC",
    "bugs": {
      "url": "https://github.com/Coinversation/shell/issues"
    },
    "homepage": "https://github.com/Coinversation/shell#readme",
    "devDependencies": {
      "@types/node": "^13.13.5",
      "csvtojson": "^2.0.10",
      "ethers": "^5.1.4",
      "readline": "^1.3.0",
      "ts-node": "^9.1.1",
      "typescript": "4.6.4",
      "web3": "1.7.3"
    },
    "dependencies": {
      "@types/node-fetch": "^2.6.1",
      "ethereumjs-util": "^7.1.3",
      "fs": "0.0.1-security",
      "node-fetch": "2.6.7",
      "path": "^0.12.7"
    }
  }

yarn manifest: 
  No manifest

Lockfile: 
  No lockfile
